<?xml version="1.0" encoding="UTF-8"?>
<testng-results ignored="0" total="1" passed="1" failed="0" skipped="0">
  <reporter-output>
    <line>
      <![CDATA[open browser]]>
    </line>
    <line>
      <![CDATA[login]]>
    </line>
    <line>
      <![CDATA[CreateProject]]>
    </line>
    <line>
      <![CDATA[logout]]>
    </line>
    <line>
      <![CDATA[closeBrowser]]>
    </line>
  </reporter-output>
  <suite started-at="2023-09-15T22:26:19 IST" name="Default suite" finished-at="2023-09-15T22:26:57 IST" duration-ms="37833">
    <groups>
    </groups>
    <test started-at="2023-09-15T22:26:19 IST" name="Default test" finished-at="2023-09-15T22:26:57 IST" duration-ms="37833">
      <class name="com.actitime.testscript.ProjectModule">
        <test-method is-config="true" signature="openBrowser()[pri:0, instance:com.actitime.testscript.ProjectModule@3bf7ca37]" started-at="2023-09-15T22:26:19 IST" name="openBrowser" finished-at="2023-09-15T22:26:24 IST" duration-ms="4661" status="PASS">
          <reporter-output>
            <line>
              <![CDATA[open browser]]>
            </line>
          </reporter-output>
        </test-method> <!-- openBrowser -->
        <test-method is-config="true" signature="login()[pri:0, instance:com.actitime.testscript.ProjectModule@3bf7ca37]" started-at="2023-09-15T22:26:24 IST" name="login" finished-at="2023-09-15T22:26:40 IST" duration-ms="15473" status="PASS">
          <reporter-output>
            <line>
              <![CDATA[login]]>
            </line>
          </reporter-output>
        </test-method> <!-- login -->
        <test-method signature="testCreateProject()[pri:0, instance:com.actitime.testscript.ProjectModule@3bf7ca37]" started-at="2023-09-15T22:26:40 IST" name="testCreateProject" finished-at="2023-09-15T22:26:53 IST" duration-ms="13460" status="PASS">
          <reporter-output>
            <line>
              <![CDATA[CreateProject]]>
            </line>
          </reporter-output>
        </test-method> <!-- testCreateProject -->
        <test-method is-config="true" signature="logout()[pri:0, instance:com.actitime.testscript.ProjectModule@3bf7ca37]" started-at="2023-09-15T22:26:53 IST" name="logout" finished-at="2023-09-15T22:26:57 IST" duration-ms="3998" status="PASS">
          <reporter-output>
            <line>
              <![CDATA[logout]]>
            </line>
          </reporter-output>
        </test-method> <!-- logout -->
        <test-method is-config="true" signature="closeBrowser()[pri:0, instance:com.actitime.testscript.ProjectModule@3bf7ca37]" started-at="2023-09-15T22:26:57 IST" name="closeBrowser" finished-at="2023-09-15T22:26:57 IST" duration-ms="164" status="PASS">
          <reporter-output>
            <line>
              <![CDATA[closeBrowser]]>
            </line>
          </reporter-output>
        </test-method> <!-- closeBrowser -->
      </class> <!-- com.actitime.testscript.ProjectModule -->
    </test> <!-- Default test -->
  </suite> <!-- Default suite -->
</testng-results>
